<?xml version="1.0" encoding="UTF-8"?>
<!-- Generated by org.testng.reporters.JUnitXMLReporter -->
<testsuite ignored="0" hostname="AMIT_PC" failures="1" tests="4" name="Device-2-Test" time="252.274" errors="0" timestamp="2026-03-22T15:33:53 IST">
  <testcase classname="com.qa.tests.LoginTests" name="Method1" time="54.242"/>
  <testcase classname="com.qa.tests.LoginTests" name="Method2" time="23.78"/>
  <testcase classname="com.qa.tests.LoginTests" name="Method2" time="46.444"/>
  <testcase classname="com.qa.tests.LoginTests" name="Method3" time="3.628">
    <failure type="java.lang.AssertionError" message="The following asserts failed:
	expected [Please enter your name1] but found [Please enter your name]">
      <![CDATA[java.lang.AssertionError: The following asserts failed:
expected [Please enter your name1] but found [Please enter your name]
at com.qa.tests.LoginTests.Method3(LoginTests.java:100)
at java.base/java.util.ArrayList.forEach(ArrayList.java:1597)
at java.base/java.util.concurrent.FutureTask.run(FutureTask.java:317)
at java.base/java.util.concurrent.ThreadPoolExecutor.runWorker(ThreadPoolExecutor.java:1144)
at java.base/java.util.concurrent.ThreadPoolExecutor$Worker.run(ThreadPoolExecutor.java:642)
at java.base/java.lang.Thread.run(Thread.java:1575)
... Removed 17 stack frames]]>
    </failure>
  </testcase> <!-- Method3 -->
</testsuite> <!-- Device-2-Test -->
