<?xml version="1.0" encoding="UTF-8"?>
<!-- Generated by org.testng.reporters.JUnitXMLReporter -->
<testsuite ignored="0" hostname="AMIT_PC" failures="0" tests="4" name="Device-1-Test" time="154.838" errors="0" timestamp="2026-03-22T15:32:15 IST">
  <testcase classname="com.qa.base.BaseTest" name="@BeforeTest ClassSetup" time="150.49">
    <failure type="org.openqa.selenium.SessionNotCreatedException" message="Could not start a new session. Response code 500. Message: An unknown server-side error occurred while processing the command. Original error: Cannot start the &amp;apos;com.androidsample.generalstore&amp;apos; application. Consider checking the driver&amp;apos;s troubleshooting documentation. Original error: &amp;apos;com.androidsample.generalstore.SplashActivity&amp;apos; never started. Consider checking the driver&amp;apos;s troubleshooting documentation. 
Host info: host: &amp;apos;AMIT_PC&amp;apos;, ip: &amp;apos;192.168.1.10&amp;apos;
Build info: version: &amp;apos;4.41.0&amp;apos;, revision: &amp;apos;9fc754f&amp;apos;
System info: os.name: &amp;apos;Windows 11&amp;apos;, os.arch: &amp;apos;amd64&amp;apos;, os.version: &amp;apos;10.0&amp;apos;, java.version: &amp;apos;23.0.1&amp;apos;
Driver info: io.appium.java_client.android.AndroidDriver
Command: [null, newSession {capabilities=[Capabilities {appium:app: C:\Users\razda\eclipse-work..., appium:automationName: UiAutomator2, appium:chromedriverExecutable: C:\Users\chromedriver.exe, appium:deviceName: Device1, appium:systemPort: 8200, appium:udid: emulator-5554, appium:uiautomator2ServerLaunchTimeout: 600000, platformName: ANDROID}]}]
Capabilities {appium:app: C:\Users\razda\eclipse-work..., appium:automationName: UiAutomator2, appium:chromedriverExecutable: C:\Users\chromedriver.exe, appium:deviceName: Device1, appium:systemPort: 8200, appium:udid: emulator-5554, appium:uiautomator2ServerLaunchTimeout: 600000, platformName: ANDROID}">
      <![CDATA[org.openqa.selenium.SessionNotCreatedException: Could not start a new session. Response code 500. Message: An unknown server-side error occurred while processing the command. Original error: Cannot start the 'com.androidsample.generalstore' application. Consider checking the driver's troubleshooting documentation. Original error: 'com.androidsample.generalstore.SplashActivity' never started. Consider checking the driver's troubleshooting documentation. 
Host info: host: 'AMIT_PC', ip: '192.168.1.10'
Build info: version: '4.41.0', revision: '9fc754f'
System info: os.name: 'Windows 11', os.arch: 'amd64', os.version: '10.0', java.version: '23.0.1'
Driver info: io.appium.java_client.android.AndroidDriver
Command: [null, newSession {capabilities=[Capabilities {appium:app: C:\Users\razda\eclipse-work..., appium:automationName: UiAutomator2, appium:chromedriverExecutable: C:\Users\chromedriver.exe, appium:deviceName: Device1, appium:systemPort: 8200, appium:udid: emulator-5554, appium:uiautomator2ServerLaunchTimeout: 600000, platformName: ANDROID}]}]
Capabilities {appium:app: C:\Users\razda\eclipse-work..., appium:automationName: UiAutomator2, appium:chromedriverExecutable: C:\Users\chromedriver.exe, appium:deviceName: Device1, appium:systemPort: 8200, appium:udid: emulator-5554, appium:uiautomator2ServerLaunchTimeout: 600000, platformName: ANDROID}
at org.openqa.selenium.remote.ProtocolHandshake.createSession(ProtocolHandshake.java:114)
at org.openqa.selenium.remote.ProtocolHandshake.createSession(ProtocolHandshake.java:75)
at org.openqa.selenium.remote.ProtocolHandshake.createSession(ProtocolHandshake.java:61)
at io.appium.java_client.remote.AppiumCommandExecutor.createSession(AppiumCommandExecutor.java:178)
at io.appium.java_client.remote.AppiumCommandExecutor.execute(AppiumCommandExecutor.java:243)
at org.openqa.selenium.remote.RemoteWebDriver.execute(RemoteWebDriver.java:604)
at io.appium.java_client.AppiumDriver.startSession(AppiumDriver.java:308)
at org.openqa.selenium.remote.RemoteWebDriver.<init>(RemoteWebDriver.java:211)
at org.openqa.selenium.remote.RemoteWebDriver.<init>(RemoteWebDriver.java:197)
at io.appium.java_client.AppiumDriver.<init>(AppiumDriver.java:98)
at io.appium.java_client.AppiumDriver.<init>(AppiumDriver.java:109)
at io.appium.java_client.android.AndroidDriver.<init>(AndroidDriver.java:108)
at com.qa.base.BaseTest.ClassSetup(BaseTest.java:88)
at java.base/java.util.concurrent.FutureTask.run(FutureTask.java:317)
at java.base/java.util.concurrent.ThreadPoolExecutor.runWorker(ThreadPoolExecutor.java:1144)
at java.base/java.util.concurrent.ThreadPoolExecutor$Worker.run(ThreadPoolExecutor.java:642)
at java.base/java.lang.Thread.run(Thread.java:1575)
... Removed 12 stack frames]]>
    </failure>
  </testcase> <!-- @BeforeTest ClassSetup -->
  <testcase classname="com.qa.tests.LoginTests" name="@BeforeMethod TestSetup" time="0.0">
    <skipped/>
  </testcase> <!-- @BeforeMethod TestSetup -->
  <testcase classname="com.qa.tests.LoginTests" name="@AfterMethod TestTeardowh" time="0.0">
    <skipped/>
  </testcase> <!-- @AfterMethod TestTeardowh -->
  <testcase classname="com.qa.tests.LoginTests" name="@BeforeMethod TestSetup" time="0.0">
    <skipped/>
  </testcase> <!-- @BeforeMethod TestSetup -->
  <testcase classname="com.qa.tests.LoginTests" name="@AfterMethod TestTeardowh" time="0.0">
    <skipped/>
  </testcase> <!-- @AfterMethod TestTeardowh -->
  <testcase classname="com.qa.tests.LoginTests" name="@BeforeMethod TestSetup" time="0.0">
    <skipped/>
  </testcase> <!-- @BeforeMethod TestSetup -->
  <testcase classname="com.qa.tests.LoginTests" name="@AfterMethod TestTeardowh" time="0.0">
    <skipped/>
  </testcase> <!-- @AfterMethod TestTeardowh -->
  <testcase classname="com.qa.tests.LoginTests" name="@BeforeMethod TestSetup" time="0.0">
    <skipped/>
  </testcase> <!-- @BeforeMethod TestSetup -->
  <testcase classname="com.qa.tests.LoginTests" name="@AfterMethod TestTeardowh" time="0.0">
    <skipped/>
  </testcase> <!-- @AfterMethod TestTeardowh -->
  <testcase classname="com.qa.base.BaseTest" name="@AfterTest ClassTeardown" time="0.0">
    <skipped/>
  </testcase> <!-- @AfterTest ClassTeardown -->
  <testcase classname="com.qa.tests.LoginTests" name="Method1" time="0.0">
    <skipped/>
  </testcase> <!-- Method1 -->
  <testcase classname="com.qa.tests.LoginTests" name="Method2" time="0.0">
    <skipped/>
  </testcase> <!-- Method2 -->
  <testcase classname="com.qa.tests.LoginTests" name="Method2" time="0.0">
    <skipped/>
  </testcase> <!-- Method2 -->
  <testcase classname="com.qa.tests.LoginTests" name="Method3" time="0.0">
    <skipped/>
  </testcase> <!-- Method3 -->
</testsuite> <!-- Device-1-Test -->
