<?xml version="1.0" encoding="UTF-8"?>
<testsuite xmlns:xsi="http://www.w3.org/2001/XMLSchema-instance" xsi:noNamespaceSchemaLocation="https://maven.apache.org/surefire/maven-surefire-plugin/xsd/surefire-test-report.xsd" name="TestSuite" time="258.604" tests="19" errors="0" skipped="13" failures="3">
  <properties>
[...]
</properties>
  <testcase name="ClassSetup" classname="com.qa.tests.LoginTests" time="44.706">
    <failure message="Could not start a new session. Response code 500. Message: An unknown server-side error occurred while processing the command. Original error: Cannot start the &apos;com.androidsample.generalstore&apos; application. Consider checking the driver&apos;s troubleshooting documentation. Original error: &apos;com.androidsample.generalstore.SplashActivity&apos; never started. Consider checking the driver&apos;s troubleshooting documentation. &#10;Host info: host: &apos;AMIT_PC&apos;, ip: &apos;192.168.1.10&apos;&#10;Build info: version: &apos;4.41.0&apos;, revision: &apos;9fc754f&apos;&#10;System info: os.name: &apos;Windows 11&apos;, os.arch: &apos;amd64&apos;, os.version: &apos;10.0&apos;, java.version: &apos;23.0.1&apos;&#10;Driver info: io.appium.java_client.android.AndroidDriver&#10;Command: [null, newSession {capabilities=[Capabilities {appium:app: C:\Users\razda\eclipse-work..., appium:automationName: UiAutomator2, appium:chromedriverExecutable: C:\Users\chromedriver.exe, appium:deviceName: Device1, appium:systemPort: 8200, appium:udid: emulator-5554, appium:uiautomator2ServerLaunchTimeout: 600000, platformName: ANDROID}]}]&#10;Capabilities {appium:app: C:\Users\razda\eclipse-work..., appium:automationName: UiAutomator2, appium:chromedriverExecutable: C:\Users\chromedriver.exe, appium:deviceName: Device1, appium:systemPort: 8200, appium:udid: emulator-5554, appium:uiautomator2ServerLaunchTimeout: 600000, platformName: ANDROID}" type="org.openqa.selenium.SessionNotCreatedException">org.openqa.selenium.SessionNotCreatedException: 
Could not start a new session. Response code 500. Message: An unknown server-side error occurred while processing the command. Original error: Cannot start the 'com.androidsample.generalstore' application. Consider checking the driver's troubleshooting documentation. Original error: 'com.androidsample.generalstore.SplashActivity' never started. Consider checking the driver's troubleshooting documentation. 
Host info: host: 'AMIT_PC', ip: '192.168.1.10'
Build info: version: '4.41.0', revision: '9fc754f'
System info: os.name: 'Windows 11', os.arch: 'amd64', os.version: '10.0', java.version: '23.0.1'
Driver info: io.appium.java_client.android.AndroidDriver
Command: [null, newSession {capabilities=[Capabilities {appium:app: C:\Users\razda\eclipse-work..., appium:automationName: UiAutomator2, appium:chromedriverExecutable: C:\Users\chromedriver.exe, appium:deviceName: Device1, appium:systemPort: 8200, appium:udid: emulator-5554, appium:uiautomator2ServerLaunchTimeout: 600000, platformName: ANDROID}]}]
Capabilities {appium:app: C:\Users\razda\eclipse-work..., appium:automationName: UiAutomator2, appium:chromedriverExecutable: C:\Users\chromedriver.exe, appium:deviceName: Device1, appium:systemPort: 8200, appium:udid: emulator-5554, appium:uiautomator2ServerLaunchTimeout: 600000, platformName: ANDROID}
</failure>
    <system-out><![CDATA[Before Suite execution started
Starting Appium Node Service on port: 4725
Starting Appium Node Service on port: 4727
Config file got loaded successfully !!!
Config file got loaded successfully !!!
&amp#27;[38;5;112m[Appium]&amp#27;[0m Welcome to Appium v2.19.0
&amp#27;[38;5;112m[Appium]&amp#27;[0m Non-default server args:
&amp#27;[38;5;112m[Appium]&amp#27;[0m { address: &amp#27;[32m'127.0.0.1'&amp#27;[39m, basePath: &amp#27;[32m'/wd/hub/'&amp#27;[39m, port: &amp#27;[33m4727&amp#27;[39m }
&amp#27;[38;5;112m[Appium]&amp#27;[0m The autodetected Appium home path: C:\Users\razda\.appium
&amp#27;[38;5;112m[Appium]&amp#27;[0m Attempting to load driver uiautomator2...
&amp#27;[38;5;112m[Appium]&amp#27;[0m Requiring driver at C:\Users\razda\.appium\node_modules\appium-uiautomator2-driver\build\index.js
&amp#27;[38;5;112m[Appium]&amp#27;[0m Welcome to Appium v2.19.0
&amp#27;[38;5;112m[Appium]&amp#27;[0m Non-default server args:
&amp#27;[38;5;112m[Appium]&amp#27;[0m { address: &amp#27;[32m'127.0.0.1'&amp#27;[39m, basePath: &amp#27;[32m'/wd/hub/'&amp#27;[39m, port: &amp#27;[33m4725&amp#27;[39m }
&amp#27;[38;5;112m[Appium]&amp#27;[0m The autodetected Appium home path: C:\Users\razda\.appium
&amp#27;[38;5;112m[Appium]&amp#27;[0m Attempting to load driver uiautomator2...
&amp#27;[38;5;112m[Appium]&amp#27;[0m Requiring driver at C:\Users\razda\.appium\node_modules\appium-uiautomator2-driver\build\index.js
&amp#27;[38;5;112m[Appium]&amp#27;[0m AndroidUiautomator2Driver has been successfully loaded in 9.249s
&amp#27;[38;5;86m[HTTP]&amp#27;[0m Could not start REST http interface listener. The requested port may already be in use. Please make sure there is no other instance of this server running already.
&amp#27;[38;5;112m[Appium]&amp#27;[0m Could not configure Appium server. It's possible that a driver or plugin tried to update the server and failed. Original error: listen EADDRINUSE: address already in use 127.0.0.1:4727
&amp#27;[38;5;112m[Appium]&amp#27;[0m Error: listen EADDRINUSE: address already in use 127.0.0.1:4727
    at Server.setupListenHandle [as _listen2] (node:net:1937:16)
    at listenInCluster (node:net:1994:12)
    at node:net:2203:7
    at processTicksAndRejections (node:internal/process/task_queues:90:21)
&amp#27;[38;5;112m[Appium]&amp#27;[0m AndroidUiautomator2Driver has been successfully loaded in 10.892s
&amp#27;[38;5;86m[HTTP]&amp#27;[0m Could not start REST http interface listener. The requested port may already be in use. Please make sure there is no other instance of this server running already.
&amp#27;[38;5;112m[Appium]&amp#27;[0m Could not configure Appium server. It's possible that a driver or plugin tried to update the server and failed. Original error: listen EADDRINUSE: address already in use 127.0.0.1:4725
&amp#27;[38;5;112m[Appium]&amp#27;[0m Error: listen EADDRINUSE: address already in use 127.0.0.1:4725
    at Server.setupListenHandle [as _listen2] (node:net:1937:16)
    at listenInCluster (node:net:1994:12)
    at node:net:2203:7
    at processTicksAndRejections (node:internal/process/task_queues:90:21)
]]></system-out>
    <system-err><![CDATA[SLF4J(W): No SLF4J providers were found.
SLF4J(W): Defaulting to no-operation (NOP) logger implementation
SLF4J(W): See https://www.slf4j.org/codes.html#noProviders for further details.
]]></system-err>
  </testcase>
  <testcase name="TestSetup" classname="com.qa.tests.LoginTests" time="0">
    <skipped/>
  </testcase>
  <testcase name="TestSetup" classname="com.qa.tests.LoginTests" time="0">
    <skipped/>
    <system-out><![CDATA[Config file got loaded successfully !!!
Filepath = .//src//main//resources//TestData//TestData.xlsx
]]></system-out>
    <system-err><![CDATA[ERROR StatusLogger Log4j2 could not find a logging implementation. Please add log4j-core to the classpath. Using SimpleLogger to log to the console...
]]></system-err>
  </testcase>
  <testcase name="TestSetup" classname="com.qa.tests.LoginTests" time="0">
    <skipped/>
  </testcase>
  <testcase name="TestSetup" classname="com.qa.tests.LoginTests" time="0">
    <skipped/>
  </testcase>
  <testcase name="Method1" classname="com.qa.tests.LoginTests" time="0">
    <skipped message="Could not start a new session. Response code 500. Message: An unknown server-side error occurred while processing the command. Original error: Cannot start the &apos;com.androidsample.generalstore&apos; application. Consider checking the driver&apos;s troubleshooting documentation. Original error: &apos;com.androidsample.generalstore.SplashActivity&apos; never started. Consider checking the driver&apos;s troubleshooting documentation. &#10;Host info: host: &apos;AMIT_PC&apos;, ip: &apos;192.168.1.10&apos;&#10;Build info: version: &apos;4.41.0&apos;, revision: &apos;9fc754f&apos;&#10;System info: os.name: &apos;Windows 11&apos;, os.arch: &apos;amd64&apos;, os.version: &apos;10.0&apos;, java.version: &apos;23.0.1&apos;&#10;Driver info: io.appium.java_client.android.AndroidDriver&#10;Command: [null, newSession {capabilities=[Capabilities {appium:app: C:\Users\razda\eclipse-work..., appium:automationName: UiAutomator2, appium:chromedriverExecutable: C:\Users\chromedriver.exe, appium:deviceName: Device1, appium:systemPort: 8200, appium:udid: emulator-5554, appium:uiautomator2ServerLaunchTimeout: 600000, platformName: ANDROID}]}]&#10;Capabilities {appium:app: C:\Users\razda\eclipse-work..., appium:automationName: UiAutomator2, appium:chromedriverExecutable: C:\Users\chromedriver.exe, appium:deviceName: Device1, appium:systemPort: 8200, appium:udid: emulator-5554, appium:uiautomator2ServerLaunchTimeout: 600000, platformName: ANDROID}"/>
  </testcase>
  <testcase name="Method1" classname="com.qa.tests.LoginTests" time="5.874"/>
  <testcase name="TestTeardowh" classname="com.qa.tests.LoginTests" time="0">
    <skipped/>
  </testcase>
  <testcase name="TestTeardowh" classname="com.qa.tests.LoginTests" time="0">
    <skipped/>
  </testcase>
  <testcase name="TestTeardowh" classname="com.qa.tests.LoginTests" time="0">
    <skipped/>
  </testcase>
  <testcase name="TestTeardowh" classname="com.qa.tests.LoginTests" time="0">
    <skipped/>
  </testcase>
  <testcase name="Method2" classname="com.qa.tests.LoginTests" time="0">
    <skipped message="Could not start a new session. Response code 500. Message: An unknown server-side error occurred while processing the command. Original error: Cannot start the &apos;com.androidsample.generalstore&apos; application. Consider checking the driver&apos;s troubleshooting documentation. Original error: &apos;com.androidsample.generalstore.SplashActivity&apos; never started. Consider checking the driver&apos;s troubleshooting documentation. &#10;Host info: host: &apos;AMIT_PC&apos;, ip: &apos;192.168.1.10&apos;&#10;Build info: version: &apos;4.41.0&apos;, revision: &apos;9fc754f&apos;&#10;System info: os.name: &apos;Windows 11&apos;, os.arch: &apos;amd64&apos;, os.version: &apos;10.0&apos;, java.version: &apos;23.0.1&apos;&#10;Driver info: io.appium.java_client.android.AndroidDriver&#10;Command: [null, newSession {capabilities=[Capabilities {appium:app: C:\Users\razda\eclipse-work..., appium:automationName: UiAutomator2, appium:chromedriverExecutable: C:\Users\chromedriver.exe, appium:deviceName: Device1, appium:systemPort: 8200, appium:udid: emulator-5554, appium:uiautomator2ServerLaunchTimeout: 600000, platformName: ANDROID}]}]&#10;Capabilities {appium:app: C:\Users\razda\eclipse-work..., appium:automationName: UiAutomator2, appium:chromedriverExecutable: C:\Users\chromedriver.exe, appium:deviceName: Device1, appium:systemPort: 8200, appium:udid: emulator-5554, appium:uiautomator2ServerLaunchTimeout: 600000, platformName: ANDROID}"/>
  </testcase>
  <testcase name="Method2" classname="com.qa.tests.LoginTests" time="0">
    <skipped message="Could not start a new session. Response code 500. Message: An unknown server-side error occurred while processing the command. Original error: Cannot start the &apos;com.androidsample.generalstore&apos; application. Consider checking the driver&apos;s troubleshooting documentation. Original error: &apos;com.androidsample.generalstore.SplashActivity&apos; never started. Consider checking the driver&apos;s troubleshooting documentation. &#10;Host info: host: &apos;AMIT_PC&apos;, ip: &apos;192.168.1.10&apos;&#10;Build info: version: &apos;4.41.0&apos;, revision: &apos;9fc754f&apos;&#10;System info: os.name: &apos;Windows 11&apos;, os.arch: &apos;amd64&apos;, os.version: &apos;10.0&apos;, java.version: &apos;23.0.1&apos;&#10;Driver info: io.appium.java_client.android.AndroidDriver&#10;Command: [null, newSession {capabilities=[Capabilities {appium:app: C:\Users\razda\eclipse-work..., appium:automationName: UiAutomator2, appium:chromedriverExecutable: C:\Users\chromedriver.exe, appium:deviceName: Device1, appium:systemPort: 8200, appium:udid: emulator-5554, appium:uiautomator2ServerLaunchTimeout: 600000, platformName: ANDROID}]}]&#10;Capabilities {appium:app: C:\Users\razda\eclipse-work..., appium:automationName: UiAutomator2, appium:chromedriverExecutable: C:\Users\chromedriver.exe, appium:deviceName: Device1, appium:systemPort: 8200, appium:udid: emulator-5554, appium:uiautomator2ServerLaunchTimeout: 600000, platformName: ANDROID}"/>
  </testcase>
  <testcase name="Method2" classname="com.qa.tests.LoginTests" time="23.776"/>
  <testcase name="Method2" classname="com.qa.tests.LoginTests" time="46.46"/>
  <testcase name="Method3" classname="com.qa.tests.LoginTests" time="0">
    <skipped message="Could not start a new session. Response code 500. Message: An unknown server-side error occurred while processing the command. Original error: Cannot start the &apos;com.androidsample.generalstore&apos; application. Consider checking the driver&apos;s troubleshooting documentation. Original error: &apos;com.androidsample.generalstore.SplashActivity&apos; never started. Consider checking the driver&apos;s troubleshooting documentation. &#10;Host info: host: &apos;AMIT_PC&apos;, ip: &apos;192.168.1.10&apos;&#10;Build info: version: &apos;4.41.0&apos;, revision: &apos;9fc754f&apos;&#10;System info: os.name: &apos;Windows 11&apos;, os.arch: &apos;amd64&apos;, os.version: &apos;10.0&apos;, java.version: &apos;23.0.1&apos;&#10;Driver info: io.appium.java_client.android.AndroidDriver&#10;Command: [null, newSession {capabilities=[Capabilities {appium:app: C:\Users\razda\eclipse-work..., appium:automationName: UiAutomator2, appium:chromedriverExecutable: C:\Users\chromedriver.exe, appium:deviceName: Device1, appium:systemPort: 8200, appium:udid: emulator-5554, appium:uiautomator2ServerLaunchTimeout: 600000, platformName: ANDROID}]}]&#10;Capabilities {appium:app: C:\Users\razda\eclipse-work..., appium:automationName: UiAutomator2, appium:chromedriverExecutable: C:\Users\chromedriver.exe, appium:deviceName: Device1, appium:systemPort: 8200, appium:udid: emulator-5554, appium:uiautomator2ServerLaunchTimeout: 600000, platformName: ANDROID}"/>
  </testcase>
  <testcase name="Method3" classname="com.qa.tests.LoginTests" time="3.629">
    <failure message="The following asserts failed:&#10;	expected [Please enter your name1] but found [Please enter your name]" type="java.lang.AssertionError">java.lang.AssertionError: 
The following asserts failed:
	expected [Please enter your name1] but found [Please enter your name]
	at com.qa.tests.LoginTests.Method3(LoginTests.java:100)
</failure>
  </testcase>
  <testcase name="ClassTeardown" classname="com.qa.tests.LoginTests" time="0">
    <skipped/>
  </testcase>
  <testcase name="AfterSetup" classname="com.qa.tests.LoginTests" time="20.089">
    <failure message="Failed to open file:/C:/Users/razda/eclipse-workspace/Appium_Practice_New/AppiumProject_Parallel_Maven_Grid/./Reports/22-03-2026_03.29.40.html. Error message: The system cannot find the file specified.&#10;" type="java.io.IOException">java.io.IOException: 
Failed to open file:/C:/Users/razda/eclipse-workspace/Appium_Practice_New/AppiumProject_Parallel_Maven_Grid/./Reports/22-03-2026_03.29.40.html. Error message: The system cannot find the file specified.

</failure>
    <system-out><![CDATA[After Class execution started
After Suite execution started
]]></system-out>
  </testcase>
</testsuite>