<?xml version="1.0" encoding="UTF-8"?>
<testng-results ignored="0" total="8" passed="3" failed="1" skipped="4">
  <reporter-output>
  </reporter-output>
  <suite started-at="2026-03-22T15:29:40 IST" name="Suite" finished-at="2026-03-22T15:33:53 IST" duration-ms="252274">
    <groups>
      <group name="Login Tests">
        <method signature="LoginTests.Method2(java.lang.String,java.lang.String,java.lang.String)[pri:1, instance:com.qa.tests.LoginTests@77847718]" name="Method2" class="com.qa.tests.LoginTests"/>
        <method signature="LoginTests.Method3()[pri:2, instance:com.qa.tests.LoginTests@77847718]" name="Method3" class="com.qa.tests.LoginTests"/>
        <method signature="LoginTests.Method2(java.lang.String,java.lang.String,java.lang.String)[pri:1, instance:com.qa.tests.LoginTests@55182842]" name="Method2" class="com.qa.tests.LoginTests"/>
        <method signature="LoginTests.Method3()[pri:2, instance:com.qa.tests.LoginTests@55182842]" name="Method3" class="com.qa.tests.LoginTests"/>
      </group> <!-- Login Tests -->
      <group name="Form Tests">
        <method signature="LoginTests.Method1()[pri:0, instance:com.qa.tests.LoginTests@77847718]" name="Method1" class="com.qa.tests.LoginTests"/>
        <method signature="LoginTests.Method1()[pri:0, instance:com.qa.tests.LoginTests@55182842]" name="Method1" class="com.qa.tests.LoginTests"/>
      </group> <!-- Form Tests -->
    </groups>
    <test started-at="2026-03-22T15:29:40 IST" name="Device-1-Test" finished-at="2026-03-22T15:32:15 IST" duration-ms="154838">
      <class name="com.qa.tests.LoginTests">
        <test-method is-config="true" signature="ClassSetup(java.lang.String,java.lang.String,java.lang.String,java.lang.String,java.lang.String)[pri:0, instance:com.qa.tests.LoginTests@77847718]" started-at="2026-03-22T15:29:40 IST" name="ClassSetup" finished-at="2026-03-22T15:32:11 IST" duration-ms="150490" status="FAIL">
          <params>
            <param index="0">
              <value>
                <![CDATA[4725]]>
              </value>
            </param>
            <param index="1">
              <value>
                <![CDATA[Device1]]>
              </value>
            </param>
            <param index="2">
              <value>
                <![CDATA[emulator-5554]]>
              </value>
            </param>
            <param index="3">
              <value>
                <![CDATA[Android]]>
              </value>
            </param>
            <param index="4">
              <value>
                <![CDATA[8200]]>
              </value>
            </param>
          </params>
          <exception class="org.openqa.selenium.SessionNotCreatedException">
            <message>
              <![CDATA[Could not start a new session. Response code 500. Message: An unknown server-side error occurred while processing the command. Original error: Cannot start the 'com.androidsample.generalstore' application. Consider checking the driver's troubleshooting documentation. Original error: 'com.androidsample.generalstore.SplashActivity' never started. Consider checking the driver's troubleshooting documentation. 
Host info: host: 'AMIT_PC', ip: '192.168.1.10'
Build info: version: '4.41.0', revision: '9fc754f'
System info: os.name: 'Windows 11', os.arch: 'amd64', os.version: '10.0', java.version: '23.0.1'
Driver info: io.appium.java_client.android.AndroidDriver
Command: [null, newSession {capabilities=[Capabilities {appium:app: C:\Users\razda\eclipse-work..., appium:automationName: UiAutomator2, appium:chromedriverExecutable: C:\Users\chromedriver.exe, appium:deviceName: Device1, appium:systemPort: 8200, appium:udid: emulator-5554, appium:uiautomator2ServerLaunchTimeout: 600000, platformName: ANDROID}]}]
Capabilities {appium:app: C:\Users\razda\eclipse-work..., appium:automationName: UiAutomator2, appium:chromedriverExecutable: C:\Users\chromedriver.exe, appium:deviceName: Device1, appium:systemPort: 8200, appium:udid: emulator-5554, appium:uiautomator2ServerLaunchTimeout: 600000, platformName: ANDROID}]]>
            </message>
            <full-stacktrace>
              <![CDATA[org.openqa.selenium.SessionNotCreatedException: Could not start a new session. Response code 500. Message: An unknown server-side error occurred while processing the command. Original error: Cannot start the 'com.androidsample.generalstore' application. Consider checking the driver's troubleshooting documentation. Original error: 'com.androidsample.generalstore.SplashActivity' never started. Consider checking the driver's troubleshooting documentation. 
Host info: host: 'AMIT_PC', ip: '192.168.1.10'
Build info: version: '4.41.0', revision: '9fc754f'
System info: os.name: 'Windows 11', os.arch: 'amd64', os.version: '10.0', java.version: '23.0.1'
Driver info: io.appium.java_client.android.AndroidDriver
Command: [null, newSession {capabilities=[Capabilities {appium:app: C:\Users\razda\eclipse-work..., appium:automationName: UiAutomator2, appium:chromedriverExecutable: C:\Users\chromedriver.exe, appium:deviceName: Device1, appium:systemPort: 8200, appium:udid: emulator-5554, appium:uiautomator2ServerLaunchTimeout: 600000, platformName: ANDROID}]}]
Capabilities {appium:app: C:\Users\razda\eclipse-work..., appium:automationName: UiAutomator2, appium:chromedriverExecutable: C:\Users\chromedriver.exe, appium:deviceName: Device1, appium:systemPort: 8200, appium:udid: emulator-5554, appium:uiautomator2ServerLaunchTimeout: 600000, platformName: ANDROID}
at org.openqa.selenium.remote.ProtocolHandshake.createSession(ProtocolHandshake.java:114)
at org.openqa.selenium.remote.ProtocolHandshake.createSession(ProtocolHandshake.java:75)
at org.openqa.selenium.remote.ProtocolHandshake.createSession(ProtocolHandshake.java:61)
at io.appium.java_client.remote.AppiumCommandExecutor.createSession(AppiumCommandExecutor.java:178)
at io.appium.java_client.remote.AppiumCommandExecutor.execute(AppiumCommandExecutor.java:243)
at org.openqa.selenium.remote.RemoteWebDriver.execute(RemoteWebDriver.java:604)
at io.appium.java_client.AppiumDriver.startSession(AppiumDriver.java:308)
at org.openqa.selenium.remote.RemoteWebDriver.<init>(RemoteWebDriver.java:211)
at org.openqa.selenium.remote.RemoteWebDriver.<init>(RemoteWebDriver.java:197)
at io.appium.java_client.AppiumDriver.<init>(AppiumDriver.java:98)
at io.appium.java_client.AppiumDriver.<init>(AppiumDriver.java:109)
at io.appium.java_client.android.AndroidDriver.<init>(AndroidDriver.java:108)
at com.qa.base.BaseTest.ClassSetup(BaseTest.java:88)
at java.base/jdk.internal.reflect.DirectMethodHandleAccessor.invoke(DirectMethodHandleAccessor.java:103)
at java.base/java.lang.reflect.Method.invoke(Method.java:580)
at org.testng.internal.invokers.MethodInvocationHelper.invokeMethod(MethodInvocationHelper.java:141)
at org.testng.internal.invokers.MethodInvocationHelper.invokeMethodConsideringTimeout(MethodInvocationHelper.java:71)
at org.testng.internal.invokers.ConfigInvoker.invokeConfigurationMethod(ConfigInvoker.java:400)
at org.testng.internal.invokers.ConfigInvoker.invokeConfigurations(ConfigInvoker.java:333)
at org.testng.TestRunner.invokeTestConfigurations(TestRunner.java:657)
at org.testng.TestRunner.beforeRun(TestRunner.java:646)
at org.testng.TestRunner.run(TestRunner.java:612)
at org.testng.SuiteRunner.runTest(SuiteRunner.java:421)
at org.testng.SuiteRunner$SuiteWorker.run(SuiteRunner.java:463)
at org.testng.internal.thread.ThreadUtil.lambda$execute$0(ThreadUtil.java:64)
at java.base/java.util.concurrent.FutureTask.run(FutureTask.java:317)
at java.base/java.util.concurrent.ThreadPoolExecutor.runWorker(ThreadPoolExecutor.java:1144)
at java.base/java.util.concurrent.ThreadPoolExecutor$Worker.run(ThreadPoolExecutor.java:642)
at java.base/java.lang.Thread.run(Thread.java:1575)
]]>
            </full-stacktrace>
          </exception> <!-- org.openqa.selenium.SessionNotCreatedException -->
          <reporter-output>
          </reporter-output>
        </test-method> <!-- ClassSetup -->
        <test-method is-config="true" signature="TestSetup(java.lang.reflect.Method,org.testng.ITestContext)[pri:0, instance:com.qa.tests.LoginTests@77847718]" started-at="2026-03-22T15:32:11 IST" name="TestSetup" finished-at="2026-03-22T15:32:11 IST" duration-ms="0" status="SKIP">
          <reporter-output>
          </reporter-output>
        </test-method> <!-- TestSetup -->
        <test-method signature="Method1()[pri:0, instance:com.qa.tests.LoginTests@77847718]" started-at="2026-03-22T15:32:11 IST" name="Method1" description="Verify that the Form page contains below mentioned fields : -

Labels: -
&quot;Select the country where you want to shop&quot;
&quot;Your Name&quot;
&quot;Gender&quot;

Textboxes:-
&quot;First Name&quot; textbox
&quot;Last Name&quot; textbox
&quot;Email&quot; textbox
&quot;Password&quot; textbox
&quot;Confirm Password&quot; textbox

Drop-downs:-
Country 

Gender radio boxes: -
Male
Female

Buttons:-
&quot;Let’s Shop&quot; button" finished-at="2026-03-22T15:32:11 IST" duration-ms="0" status="SKIP">
          <exception class="org.openqa.selenium.SessionNotCreatedException">
            <message>
              <![CDATA[Could not start a new session. Response code 500. Message: An unknown server-side error occurred while processing the command. Original error: Cannot start the 'com.androidsample.generalstore' application. Consider checking the driver's troubleshooting documentation. Original error: 'com.androidsample.generalstore.SplashActivity' never started. Consider checking the driver's troubleshooting documentation. 
Host info: host: 'AMIT_PC', ip: '192.168.1.10'
Build info: version: '4.41.0', revision: '9fc754f'
System info: os.name: 'Windows 11', os.arch: 'amd64', os.version: '10.0', java.version: '23.0.1'
Driver info: io.appium.java_client.android.AndroidDriver
Command: [null, newSession {capabilities=[Capabilities {appium:app: C:\Users\razda\eclipse-work..., appium:automationName: UiAutomator2, appium:chromedriverExecutable: C:\Users\chromedriver.exe, appium:deviceName: Device1, appium:systemPort: 8200, appium:udid: emulator-5554, appium:uiautomator2ServerLaunchTimeout: 600000, platformName: ANDROID}]}]
Capabilities {appium:app: C:\Users\razda\eclipse-work..., appium:automationName: UiAutomator2, appium:chromedriverExecutable: C:\Users\chromedriver.exe, appium:deviceName: Device1, appium:systemPort: 8200, appium:udid: emulator-5554, appium:uiautomator2ServerLaunchTimeout: 600000, platformName: ANDROID}]]>
            </message>
            <full-stacktrace>
              <![CDATA[org.openqa.selenium.SessionNotCreatedException: Could not start a new session. Response code 500. Message: An unknown server-side error occurred while processing the command. Original error: Cannot start the 'com.androidsample.generalstore' application. Consider checking the driver's troubleshooting documentation. Original error: 'com.androidsample.generalstore.SplashActivity' never started. Consider checking the driver's troubleshooting documentation. 
Host info: host: 'AMIT_PC', ip: '192.168.1.10'
Build info: version: '4.41.0', revision: '9fc754f'
System info: os.name: 'Windows 11', os.arch: 'amd64', os.version: '10.0', java.version: '23.0.1'
Driver info: io.appium.java_client.android.AndroidDriver
Command: [null, newSession {capabilities=[Capabilities {appium:app: C:\Users\razda\eclipse-work..., appium:automationName: UiAutomator2, appium:chromedriverExecutable: C:\Users\chromedriver.exe, appium:deviceName: Device1, appium:systemPort: 8200, appium:udid: emulator-5554, appium:uiautomator2ServerLaunchTimeout: 600000, platformName: ANDROID}]}]
Capabilities {appium:app: C:\Users\razda\eclipse-work..., appium:automationName: UiAutomator2, appium:chromedriverExecutable: C:\Users\chromedriver.exe, appium:deviceName: Device1, appium:systemPort: 8200, appium:udid: emulator-5554, appium:uiautomator2ServerLaunchTimeout: 600000, platformName: ANDROID}
at org.openqa.selenium.remote.ProtocolHandshake.createSession(ProtocolHandshake.java:114)
at org.openqa.selenium.remote.ProtocolHandshake.createSession(ProtocolHandshake.java:75)
at org.openqa.selenium.remote.ProtocolHandshake.createSession(ProtocolHandshake.java:61)
at io.appium.java_client.remote.AppiumCommandExecutor.createSession(AppiumCommandExecutor.java:178)
at io.appium.java_client.remote.AppiumCommandExecutor.execute(AppiumCommandExecutor.java:243)
at org.openqa.selenium.remote.RemoteWebDriver.execute(RemoteWebDriver.java:604)
at io.appium.java_client.AppiumDriver.startSession(AppiumDriver.java:308)
at org.openqa.selenium.remote.RemoteWebDriver.<init>(RemoteWebDriver.java:211)
at org.openqa.selenium.remote.RemoteWebDriver.<init>(RemoteWebDriver.java:197)
at io.appium.java_client.AppiumDriver.<init>(AppiumDriver.java:98)
at io.appium.java_client.AppiumDriver.<init>(AppiumDriver.java:109)
at io.appium.java_client.android.AndroidDriver.<init>(AndroidDriver.java:108)
at com.qa.base.BaseTest.ClassSetup(BaseTest.java:88)
at java.base/jdk.internal.reflect.DirectMethodHandleAccessor.invoke(DirectMethodHandleAccessor.java:103)
at java.base/java.lang.reflect.Method.invoke(Method.java:580)
at org.testng.internal.invokers.MethodInvocationHelper.invokeMethod(MethodInvocationHelper.java:141)
at org.testng.internal.invokers.MethodInvocationHelper.invokeMethodConsideringTimeout(MethodInvocationHelper.java:71)
at org.testng.internal.invokers.ConfigInvoker.invokeConfigurationMethod(ConfigInvoker.java:400)
at org.testng.internal.invokers.ConfigInvoker.invokeConfigurations(ConfigInvoker.java:333)
at org.testng.TestRunner.invokeTestConfigurations(TestRunner.java:657)
at org.testng.TestRunner.beforeRun(TestRunner.java:646)
at org.testng.TestRunner.run(TestRunner.java:612)
at org.testng.SuiteRunner.runTest(SuiteRunner.java:421)
at org.testng.SuiteRunner$SuiteWorker.run(SuiteRunner.java:463)
at org.testng.internal.thread.ThreadUtil.lambda$execute$0(ThreadUtil.java:64)
at java.base/java.util.concurrent.FutureTask.run(FutureTask.java:317)
at java.base/java.util.concurrent.ThreadPoolExecutor.runWorker(ThreadPoolExecutor.java:1144)
at java.base/java.util.concurrent.ThreadPoolExecutor$Worker.run(ThreadPoolExecutor.java:642)
at java.base/java.lang.Thread.run(Thread.java:1575)
]]>
            </full-stacktrace>
          </exception> <!-- org.openqa.selenium.SessionNotCreatedException -->
          <reporter-output>
          </reporter-output>
        </test-method> <!-- Method1 -->
        <test-method is-config="true" signature="TestTeardowh()[pri:0, instance:com.qa.tests.LoginTests@77847718]" started-at="2026-03-22T15:32:11 IST" name="TestTeardowh" finished-at="2026-03-22T15:32:11 IST" duration-ms="0" status="SKIP">
          <reporter-output>
          </reporter-output>
        </test-method> <!-- TestTeardowh -->
        <test-method is-config="true" signature="TestSetup(java.lang.reflect.Method,org.testng.ITestContext)[pri:0, instance:com.qa.tests.LoginTests@77847718]" started-at="2026-03-22T15:32:15 IST" name="TestSetup" finished-at="2026-03-22T15:32:15 IST" duration-ms="0" status="SKIP">
          <reporter-output>
          </reporter-output>
        </test-method> <!-- TestSetup -->
        <test-method signature="Method2(java.lang.String,java.lang.String,java.lang.String)[pri:1, instance:com.qa.tests.LoginTests@77847718]" started-at="2026-03-22T15:32:15 IST" name="Method2" description="Verify that user lands on Products page provided user enters valid value and selection for all the required elements on Form page followed by click on Lets Go button" data-provider="TestData-LoginPage" finished-at="2026-03-22T15:32:15 IST" duration-ms="0" status="SKIP">
          <params>
            <param index="0">
              <value>
                <![CDATA[Amit]]>
              </value>
            </param>
            <param index="1">
              <value>
                <![CDATA[Algeria]]>
              </value>
            </param>
            <param index="2">
              <value>
                <![CDATA[Male]]>
              </value>
            </param>
          </params>
          <exception class="org.openqa.selenium.SessionNotCreatedException">
            <message>
              <![CDATA[Could not start a new session. Response code 500. Message: An unknown server-side error occurred while processing the command. Original error: Cannot start the 'com.androidsample.generalstore' application. Consider checking the driver's troubleshooting documentation. Original error: 'com.androidsample.generalstore.SplashActivity' never started. Consider checking the driver's troubleshooting documentation. 
Host info: host: 'AMIT_PC', ip: '192.168.1.10'
Build info: version: '4.41.0', revision: '9fc754f'
System info: os.name: 'Windows 11', os.arch: 'amd64', os.version: '10.0', java.version: '23.0.1'
Driver info: io.appium.java_client.android.AndroidDriver
Command: [null, newSession {capabilities=[Capabilities {appium:app: C:\Users\razda\eclipse-work..., appium:automationName: UiAutomator2, appium:chromedriverExecutable: C:\Users\chromedriver.exe, appium:deviceName: Device1, appium:systemPort: 8200, appium:udid: emulator-5554, appium:uiautomator2ServerLaunchTimeout: 600000, platformName: ANDROID}]}]
Capabilities {appium:app: C:\Users\razda\eclipse-work..., appium:automationName: UiAutomator2, appium:chromedriverExecutable: C:\Users\chromedriver.exe, appium:deviceName: Device1, appium:systemPort: 8200, appium:udid: emulator-5554, appium:uiautomator2ServerLaunchTimeout: 600000, platformName: ANDROID}]]>
            </message>
            <full-stacktrace>
              <![CDATA[org.openqa.selenium.SessionNotCreatedException: Could not start a new session. Response code 500. Message: An unknown server-side error occurred while processing the command. Original error: Cannot start the 'com.androidsample.generalstore' application. Consider checking the driver's troubleshooting documentation. Original error: 'com.androidsample.generalstore.SplashActivity' never started. Consider checking the driver's troubleshooting documentation. 
Host info: host: 'AMIT_PC', ip: '192.168.1.10'
Build info: version: '4.41.0', revision: '9fc754f'
System info: os.name: 'Windows 11', os.arch: 'amd64', os.version: '10.0', java.version: '23.0.1'
Driver info: io.appium.java_client.android.AndroidDriver
Command: [null, newSession {capabilities=[Capabilities {appium:app: C:\Users\razda\eclipse-work..., appium:automationName: UiAutomator2, appium:chromedriverExecutable: C:\Users\chromedriver.exe, appium:deviceName: Device1, appium:systemPort: 8200, appium:udid: emulator-5554, appium:uiautomator2ServerLaunchTimeout: 600000, platformName: ANDROID}]}]
Capabilities {appium:app: C:\Users\razda\eclipse-work..., appium:automationName: UiAutomator2, appium:chromedriverExecutable: C:\Users\chromedriver.exe, appium:deviceName: Device1, appium:systemPort: 8200, appium:udid: emulator-5554, appium:uiautomator2ServerLaunchTimeout: 600000, platformName: ANDROID}
at org.openqa.selenium.remote.ProtocolHandshake.createSession(ProtocolHandshake.java:114)
at org.openqa.selenium.remote.ProtocolHandshake.createSession(ProtocolHandshake.java:75)
at org.openqa.selenium.remote.ProtocolHandshake.createSession(ProtocolHandshake.java:61)
at io.appium.java_client.remote.AppiumCommandExecutor.createSession(AppiumCommandExecutor.java:178)
at io.appium.java_client.remote.AppiumCommandExecutor.execute(AppiumCommandExecutor.java:243)
at org.openqa.selenium.remote.RemoteWebDriver.execute(RemoteWebDriver.java:604)
at io.appium.java_client.AppiumDriver.startSession(AppiumDriver.java:308)
at org.openqa.selenium.remote.RemoteWebDriver.<init>(RemoteWebDriver.java:211)
at org.openqa.selenium.remote.RemoteWebDriver.<init>(RemoteWebDriver.java:197)
at io.appium.java_client.AppiumDriver.<init>(AppiumDriver.java:98)
at io.appium.java_client.AppiumDriver.<init>(AppiumDriver.java:109)
at io.appium.java_client.android.AndroidDriver.<init>(AndroidDriver.java:108)
at com.qa.base.BaseTest.ClassSetup(BaseTest.java:88)
at java.base/jdk.internal.reflect.DirectMethodHandleAccessor.invoke(DirectMethodHandleAccessor.java:103)
at java.base/java.lang.reflect.Method.invoke(Method.java:580)
at org.testng.internal.invokers.MethodInvocationHelper.invokeMethod(MethodInvocationHelper.java:141)
at org.testng.internal.invokers.MethodInvocationHelper.invokeMethodConsideringTimeout(MethodInvocationHelper.java:71)
at org.testng.internal.invokers.ConfigInvoker.invokeConfigurationMethod(ConfigInvoker.java:400)
at org.testng.internal.invokers.ConfigInvoker.invokeConfigurations(ConfigInvoker.java:333)
at org.testng.TestRunner.invokeTestConfigurations(TestRunner.java:657)
at org.testng.TestRunner.beforeRun(TestRunner.java:646)
at org.testng.TestRunner.run(TestRunner.java:612)
at org.testng.SuiteRunner.runTest(SuiteRunner.java:421)
at org.testng.SuiteRunner$SuiteWorker.run(SuiteRunner.java:463)
at org.testng.internal.thread.ThreadUtil.lambda$execute$0(ThreadUtil.java:64)
at java.base/java.util.concurrent.FutureTask.run(FutureTask.java:317)
at java.base/java.util.concurrent.ThreadPoolExecutor.runWorker(ThreadPoolExecutor.java:1144)
at java.base/java.util.concurrent.ThreadPoolExecutor$Worker.run(ThreadPoolExecutor.java:642)
at java.base/java.lang.Thread.run(Thread.java:1575)
]]>
            </full-stacktrace>
          </exception> <!-- org.openqa.selenium.SessionNotCreatedException -->
          <reporter-output>
          </reporter-output>
        </test-method> <!-- Method2 -->
        <test-method is-config="true" signature="TestTeardowh()[pri:0, instance:com.qa.tests.LoginTests@77847718]" started-at="2026-03-22T15:32:15 IST" name="TestTeardowh" finished-at="2026-03-22T15:32:15 IST" duration-ms="0" status="SKIP">
          <reporter-output>
          </reporter-output>
        </test-method> <!-- TestTeardowh -->
        <test-method is-config="true" signature="TestSetup(java.lang.reflect.Method,org.testng.ITestContext)[pri:0, instance:com.qa.tests.LoginTests@77847718]" started-at="2026-03-22T15:32:15 IST" name="TestSetup" finished-at="2026-03-22T15:32:15 IST" duration-ms="0" status="SKIP">
          <reporter-output>
          </reporter-output>
        </test-method> <!-- TestSetup -->
        <test-method signature="Method2(java.lang.String,java.lang.String,java.lang.String)[pri:1, instance:com.qa.tests.LoginTests@77847718]" started-at="2026-03-22T15:32:15 IST" name="Method2" description="Verify that user lands on Products page provided user enters valid value and selection for all the required elements on Form page followed by click on Lets Go button" data-provider="TestData-LoginPage" finished-at="2026-03-22T15:32:15 IST" duration-ms="0" status="SKIP">
          <params>
            <param index="0">
              <value>
                <![CDATA[Vishal]]>
              </value>
            </param>
            <param index="1">
              <value>
                <![CDATA[China]]>
              </value>
            </param>
            <param index="2">
              <value>
                <![CDATA[Female]]>
              </value>
            </param>
          </params>
          <exception class="org.openqa.selenium.SessionNotCreatedException">
            <message>
              <![CDATA[Could not start a new session. Response code 500. Message: An unknown server-side error occurred while processing the command. Original error: Cannot start the 'com.androidsample.generalstore' application. Consider checking the driver's troubleshooting documentation. Original error: 'com.androidsample.generalstore.SplashActivity' never started. Consider checking the driver's troubleshooting documentation. 
Host info: host: 'AMIT_PC', ip: '192.168.1.10'
Build info: version: '4.41.0', revision: '9fc754f'
System info: os.name: 'Windows 11', os.arch: 'amd64', os.version: '10.0', java.version: '23.0.1'
Driver info: io.appium.java_client.android.AndroidDriver
Command: [null, newSession {capabilities=[Capabilities {appium:app: C:\Users\razda\eclipse-work..., appium:automationName: UiAutomator2, appium:chromedriverExecutable: C:\Users\chromedriver.exe, appium:deviceName: Device1, appium:systemPort: 8200, appium:udid: emulator-5554, appium:uiautomator2ServerLaunchTimeout: 600000, platformName: ANDROID}]}]
Capabilities {appium:app: C:\Users\razda\eclipse-work..., appium:automationName: UiAutomator2, appium:chromedriverExecutable: C:\Users\chromedriver.exe, appium:deviceName: Device1, appium:systemPort: 8200, appium:udid: emulator-5554, appium:uiautomator2ServerLaunchTimeout: 600000, platformName: ANDROID}]]>
            </message>
            <full-stacktrace>
              <![CDATA[org.openqa.selenium.SessionNotCreatedException: Could not start a new session. Response code 500. Message: An unknown server-side error occurred while processing the command. Original error: Cannot start the 'com.androidsample.generalstore' application. Consider checking the driver's troubleshooting documentation. Original error: 'com.androidsample.generalstore.SplashActivity' never started. Consider checking the driver's troubleshooting documentation. 
Host info: host: 'AMIT_PC', ip: '192.168.1.10'
Build info: version: '4.41.0', revision: '9fc754f'
System info: os.name: 'Windows 11', os.arch: 'amd64', os.version: '10.0', java.version: '23.0.1'
Driver info: io.appium.java_client.android.AndroidDriver
Command: [null, newSession {capabilities=[Capabilities {appium:app: C:\Users\razda\eclipse-work..., appium:automationName: UiAutomator2, appium:chromedriverExecutable: C:\Users\chromedriver.exe, appium:deviceName: Device1, appium:systemPort: 8200, appium:udid: emulator-5554, appium:uiautomator2ServerLaunchTimeout: 600000, platformName: ANDROID}]}]
Capabilities {appium:app: C:\Users\razda\eclipse-work..., appium:automationName: UiAutomator2, appium:chromedriverExecutable: C:\Users\chromedriver.exe, appium:deviceName: Device1, appium:systemPort: 8200, appium:udid: emulator-5554, appium:uiautomator2ServerLaunchTimeout: 600000, platformName: ANDROID}
at org.openqa.selenium.remote.ProtocolHandshake.createSession(ProtocolHandshake.java:114)
at org.openqa.selenium.remote.ProtocolHandshake.createSession(ProtocolHandshake.java:75)
at org.openqa.selenium.remote.ProtocolHandshake.createSession(ProtocolHandshake.java:61)
at io.appium.java_client.remote.AppiumCommandExecutor.createSession(AppiumCommandExecutor.java:178)
at io.appium.java_client.remote.AppiumCommandExecutor.execute(AppiumCommandExecutor.java:243)
at org.openqa.selenium.remote.RemoteWebDriver.execute(RemoteWebDriver.java:604)
at io.appium.java_client.AppiumDriver.startSession(AppiumDriver.java:308)
at org.openqa.selenium.remote.RemoteWebDriver.<init>(RemoteWebDriver.java:211)
at org.openqa.selenium.remote.RemoteWebDriver.<init>(RemoteWebDriver.java:197)
at io.appium.java_client.AppiumDriver.<init>(AppiumDriver.java:98)
at io.appium.java_client.AppiumDriver.<init>(AppiumDriver.java:109)
at io.appium.java_client.android.AndroidDriver.<init>(AndroidDriver.java:108)
at com.qa.base.BaseTest.ClassSetup(BaseTest.java:88)
at java.base/jdk.internal.reflect.DirectMethodHandleAccessor.invoke(DirectMethodHandleAccessor.java:103)
at java.base/java.lang.reflect.Method.invoke(Method.java:580)
at org.testng.internal.invokers.MethodInvocationHelper.invokeMethod(MethodInvocationHelper.java:141)
at org.testng.internal.invokers.MethodInvocationHelper.invokeMethodConsideringTimeout(MethodInvocationHelper.java:71)
at org.testng.internal.invokers.ConfigInvoker.invokeConfigurationMethod(ConfigInvoker.java:400)
at org.testng.internal.invokers.ConfigInvoker.invokeConfigurations(ConfigInvoker.java:333)
at org.testng.TestRunner.invokeTestConfigurations(TestRunner.java:657)
at org.testng.TestRunner.beforeRun(TestRunner.java:646)
at org.testng.TestRunner.run(TestRunner.java:612)
at org.testng.SuiteRunner.runTest(SuiteRunner.java:421)
at org.testng.SuiteRunner$SuiteWorker.run(SuiteRunner.java:463)
at org.testng.internal.thread.ThreadUtil.lambda$execute$0(ThreadUtil.java:64)
at java.base/java.util.concurrent.FutureTask.run(FutureTask.java:317)
at java.base/java.util.concurrent.ThreadPoolExecutor.runWorker(ThreadPoolExecutor.java:1144)
at java.base/java.util.concurrent.ThreadPoolExecutor$Worker.run(ThreadPoolExecutor.java:642)
at java.base/java.lang.Thread.run(Thread.java:1575)
]]>
            </full-stacktrace>
          </exception> <!-- org.openqa.selenium.SessionNotCreatedException -->
          <reporter-output>
          </reporter-output>
        </test-method> <!-- Method2 -->
        <test-method is-config="true" signature="TestTeardowh()[pri:0, instance:com.qa.tests.LoginTests@77847718]" started-at="2026-03-22T15:32:15 IST" name="TestTeardowh" finished-at="2026-03-22T15:32:15 IST" duration-ms="0" status="SKIP">
          <reporter-output>
          </reporter-output>
        </test-method> <!-- TestTeardowh -->
        <test-method signature="Method3()[pri:2, instance:com.qa.tests.LoginTests@77847718]" started-at="2026-03-22T15:32:15 IST" name="Method3" description="Verify that system generates a validation message as below when clicking on Let’s Shop button without entering value in Name textbox &#039;Please enter your name&#039;." finished-at="2026-03-22T15:32:15 IST" duration-ms="0" status="SKIP">
          <exception class="org.openqa.selenium.SessionNotCreatedException">
            <message>
              <![CDATA[Could not start a new session. Response code 500. Message: An unknown server-side error occurred while processing the command. Original error: Cannot start the 'com.androidsample.generalstore' application. Consider checking the driver's troubleshooting documentation. Original error: 'com.androidsample.generalstore.SplashActivity' never started. Consider checking the driver's troubleshooting documentation. 
Host info: host: 'AMIT_PC', ip: '192.168.1.10'
Build info: version: '4.41.0', revision: '9fc754f'
System info: os.name: 'Windows 11', os.arch: 'amd64', os.version: '10.0', java.version: '23.0.1'
Driver info: io.appium.java_client.android.AndroidDriver
Command: [null, newSession {capabilities=[Capabilities {appium:app: C:\Users\razda\eclipse-work..., appium:automationName: UiAutomator2, appium:chromedriverExecutable: C:\Users\chromedriver.exe, appium:deviceName: Device1, appium:systemPort: 8200, appium:udid: emulator-5554, appium:uiautomator2ServerLaunchTimeout: 600000, platformName: ANDROID}]}]
Capabilities {appium:app: C:\Users\razda\eclipse-work..., appium:automationName: UiAutomator2, appium:chromedriverExecutable: C:\Users\chromedriver.exe, appium:deviceName: Device1, appium:systemPort: 8200, appium:udid: emulator-5554, appium:uiautomator2ServerLaunchTimeout: 600000, platformName: ANDROID}]]>
            </message>
            <full-stacktrace>
              <![CDATA[org.openqa.selenium.SessionNotCreatedException: Could not start a new session. Response code 500. Message: An unknown server-side error occurred while processing the command. Original error: Cannot start the 'com.androidsample.generalstore' application. Consider checking the driver's troubleshooting documentation. Original error: 'com.androidsample.generalstore.SplashActivity' never started. Consider checking the driver's troubleshooting documentation. 
Host info: host: 'AMIT_PC', ip: '192.168.1.10'
Build info: version: '4.41.0', revision: '9fc754f'
System info: os.name: 'Windows 11', os.arch: 'amd64', os.version: '10.0', java.version: '23.0.1'
Driver info: io.appium.java_client.android.AndroidDriver
Command: [null, newSession {capabilities=[Capabilities {appium:app: C:\Users\razda\eclipse-work..., appium:automationName: UiAutomator2, appium:chromedriverExecutable: C:\Users\chromedriver.exe, appium:deviceName: Device1, appium:systemPort: 8200, appium:udid: emulator-5554, appium:uiautomator2ServerLaunchTimeout: 600000, platformName: ANDROID}]}]
Capabilities {appium:app: C:\Users\razda\eclipse-work..., appium:automationName: UiAutomator2, appium:chromedriverExecutable: C:\Users\chromedriver.exe, appium:deviceName: Device1, appium:systemPort: 8200, appium:udid: emulator-5554, appium:uiautomator2ServerLaunchTimeout: 600000, platformName: ANDROID}
at org.openqa.selenium.remote.ProtocolHandshake.createSession(ProtocolHandshake.java:114)
at org.openqa.selenium.remote.ProtocolHandshake.createSession(ProtocolHandshake.java:75)
at org.openqa.selenium.remote.ProtocolHandshake.createSession(ProtocolHandshake.java:61)
at io.appium.java_client.remote.AppiumCommandExecutor.createSession(AppiumCommandExecutor.java:178)
at io.appium.java_client.remote.AppiumCommandExecutor.execute(AppiumCommandExecutor.java:243)
at org.openqa.selenium.remote.RemoteWebDriver.execute(RemoteWebDriver.java:604)
at io.appium.java_client.AppiumDriver.startSession(AppiumDriver.java:308)
at org.openqa.selenium.remote.RemoteWebDriver.<init>(RemoteWebDriver.java:211)
at org.openqa.selenium.remote.RemoteWebDriver.<init>(RemoteWebDriver.java:197)
at io.appium.java_client.AppiumDriver.<init>(AppiumDriver.java:98)
at io.appium.java_client.AppiumDriver.<init>(AppiumDriver.java:109)
at io.appium.java_client.android.AndroidDriver.<init>(AndroidDriver.java:108)
at com.qa.base.BaseTest.ClassSetup(BaseTest.java:88)
at java.base/jdk.internal.reflect.DirectMethodHandleAccessor.invoke(DirectMethodHandleAccessor.java:103)
at java.base/java.lang.reflect.Method.invoke(Method.java:580)
at org.testng.internal.invokers.MethodInvocationHelper.invokeMethod(MethodInvocationHelper.java:141)
at org.testng.internal.invokers.MethodInvocationHelper.invokeMethodConsideringTimeout(MethodInvocationHelper.java:71)
at org.testng.internal.invokers.ConfigInvoker.invokeConfigurationMethod(ConfigInvoker.java:400)
at org.testng.internal.invokers.ConfigInvoker.invokeConfigurations(ConfigInvoker.java:333)
at org.testng.TestRunner.invokeTestConfigurations(TestRunner.java:657)
at org.testng.TestRunner.beforeRun(TestRunner.java:646)
at org.testng.TestRunner.run(TestRunner.java:612)
at org.testng.SuiteRunner.runTest(SuiteRunner.java:421)
at org.testng.SuiteRunner$SuiteWorker.run(SuiteRunner.java:463)
at org.testng.internal.thread.ThreadUtil.lambda$execute$0(ThreadUtil.java:64)
at java.base/java.util.concurrent.FutureTask.run(FutureTask.java:317)
at java.base/java.util.concurrent.ThreadPoolExecutor.runWorker(ThreadPoolExecutor.java:1144)
at java.base/java.util.concurrent.ThreadPoolExecutor$Worker.run(ThreadPoolExecutor.java:642)
at java.base/java.lang.Thread.run(Thread.java:1575)
]]>
            </full-stacktrace>
          </exception> <!-- org.openqa.selenium.SessionNotCreatedException -->
          <reporter-output>
          </reporter-output>
        </test-method> <!-- Method3 -->
        <test-method is-config="true" signature="TestSetup(java.lang.reflect.Method,org.testng.ITestContext)[pri:0, instance:com.qa.tests.LoginTests@77847718]" started-at="2026-03-22T15:32:15 IST" name="TestSetup" finished-at="2026-03-22T15:32:15 IST" duration-ms="0" status="SKIP">
          <reporter-output>
          </reporter-output>
        </test-method> <!-- TestSetup -->
        <test-method is-config="true" signature="TestTeardowh()[pri:0, instance:com.qa.tests.LoginTests@77847718]" started-at="2026-03-22T15:32:15 IST" name="TestTeardowh" finished-at="2026-03-22T15:32:15 IST" duration-ms="0" status="SKIP">
          <reporter-output>
          </reporter-output>
        </test-method> <!-- TestTeardowh -->
        <test-method is-config="true" signature="ClassTeardown()[pri:0, instance:com.qa.tests.LoginTests@77847718]" started-at="2026-03-22T15:32:15 IST" name="ClassTeardown" finished-at="2026-03-22T15:32:15 IST" duration-ms="0" status="SKIP">
          <reporter-output>
          </reporter-output>
        </test-method> <!-- ClassTeardown -->
      </class> <!-- com.qa.tests.LoginTests -->
    </test> <!-- Device-1-Test -->
    <test started-at="2026-03-22T15:29:40 IST" name="Device-2-Test" finished-at="2026-03-22T15:33:53 IST" duration-ms="252274">
      <class name="com.qa.tests.LoginTests">
        <test-method is-config="true" signature="SuiteSetup()[pri:0, instance:com.qa.tests.LoginTests@55182842]" started-at="2026-03-22T15:29:39 IST" name="SuiteSetup" finished-at="2026-03-22T15:29:40 IST" duration-ms="1163" status="PASS">
          <reporter-output>
          </reporter-output>
        </test-method> <!-- SuiteSetup -->
        <test-method is-config="true" signature="ClassSetup(java.lang.String,java.lang.String,java.lang.String,java.lang.String,java.lang.String)[pri:0, instance:com.qa.tests.LoginTests@55182842]" started-at="2026-03-22T15:29:40 IST" name="ClassSetup" finished-at="2026-03-22T15:31:26 IST" duration-ms="105683" status="PASS">
          <params>
            <param index="0">
              <value>
                <![CDATA[4727]]>
              </value>
            </param>
            <param index="1">
              <value>
                <![CDATA[Device2]]>
              </value>
            </param>
            <param index="2">
              <value>
                <![CDATA[emulator-5556]]>
              </value>
            </param>
            <param index="3">
              <value>
                <![CDATA[Android]]>
              </value>
            </param>
            <param index="4">
              <value>
                <![CDATA[8201]]>
              </value>
            </param>
          </params>
          <reporter-output>
          </reporter-output>
        </test-method> <!-- ClassSetup -->
        <test-method is-config="true" signature="TestSetup(java.lang.reflect.Method,org.testng.ITestContext)[pri:0, instance:com.qa.tests.LoginTests@55182842]" started-at="2026-03-22T15:31:26 IST" name="TestSetup" finished-at="2026-03-22T15:31:27 IST" duration-ms="595" status="PASS">
          <params>
            <param index="0">
              <value>
                <![CDATA[public void com.qa.tests.LoginTests.Method1()]]>
              </value>
            </param>
            <param index="1">
              <value>
                <![CDATA[org.testng.TestRunner@388ba540]]>
              </value>
            </param>
          </params>
          <reporter-output>
          </reporter-output>
        </test-method> <!-- TestSetup -->
        <test-method signature="Method1()[pri:0, instance:com.qa.tests.LoginTests@55182842]" started-at="2026-03-22T15:31:27 IST" name="Method1" description="Verify that the Form page contains below mentioned fields : -

Labels: -
&quot;Select the country where you want to shop&quot;
&quot;Your Name&quot;
&quot;Gender&quot;

Textboxes:-
&quot;First Name&quot; textbox
&quot;Last Name&quot; textbox
&quot;Email&quot; textbox
&quot;Password&quot; textbox
&quot;Confirm Password&quot; textbox

Drop-downs:-
Country 

Gender radio boxes: -
Male
Female

Buttons:-
&quot;Let’s Shop&quot; button" finished-at="2026-03-22T15:32:21 IST" duration-ms="54242" status="PASS">
          <reporter-output>
          </reporter-output>
        </test-method> <!-- Method1 -->
        <test-method is-config="true" signature="TestTeardowh()[pri:0, instance:com.qa.tests.LoginTests@55182842]" started-at="2026-03-22T15:32:21 IST" name="TestTeardowh" finished-at="2026-03-22T15:32:21 IST" duration-ms="1" status="PASS">
          <reporter-output>
          </reporter-output>
        </test-method> <!-- TestTeardowh -->
        <test-method is-config="true" signature="TestSetup(java.lang.reflect.Method,org.testng.ITestContext)[pri:0, instance:com.qa.tests.LoginTests@55182842]" started-at="2026-03-22T15:32:21 IST" name="TestSetup" finished-at="2026-03-22T15:32:22 IST" duration-ms="1161" status="PASS">
          <params>
            <param index="0">
              <value>
                <![CDATA[public void com.qa.tests.LoginTests.Method2(java.lang.String,java.lang.String,java.lang.String)]]>
              </value>
            </param>
            <param index="1">
              <value>
                <![CDATA[org.testng.TestRunner@388ba540]]>
              </value>
            </param>
          </params>
          <reporter-output>
          </reporter-output>
        </test-method> <!-- TestSetup -->
        <test-method signature="Method2(java.lang.String,java.lang.String,java.lang.String)[pri:1, instance:com.qa.tests.LoginTests@55182842]" started-at="2026-03-22T15:32:22 IST" name="Method2" description="Verify that user lands on Products page provided user enters valid value and selection for all the required elements on Form page followed by click on Lets Go button" data-provider="TestData-LoginPage" finished-at="2026-03-22T15:32:46 IST" duration-ms="23780" status="PASS">
          <params>
            <param index="0">
              <value>
                <![CDATA[Amit]]>
              </value>
            </param>
            <param index="1">
              <value>
                <![CDATA[Algeria]]>
              </value>
            </param>
            <param index="2">
              <value>
                <![CDATA[Male]]>
              </value>
            </param>
          </params>
          <reporter-output>
          </reporter-output>
        </test-method> <!-- Method2 -->
        <test-method is-config="true" signature="TestTeardowh()[pri:0, instance:com.qa.tests.LoginTests@55182842]" started-at="2026-03-22T15:32:46 IST" name="TestTeardowh" finished-at="2026-03-22T15:32:46 IST" duration-ms="1" status="PASS">
          <reporter-output>
          </reporter-output>
        </test-method> <!-- TestTeardowh -->
        <test-method is-config="true" signature="TestSetup(java.lang.reflect.Method,org.testng.ITestContext)[pri:0, instance:com.qa.tests.LoginTests@55182842]" started-at="2026-03-22T15:32:46 IST" name="TestSetup" finished-at="2026-03-22T15:32:47 IST" duration-ms="608" status="PASS">
          <params>
            <param index="0">
              <value>
                <![CDATA[public void com.qa.tests.LoginTests.Method2(java.lang.String,java.lang.String,java.lang.String)]]>
              </value>
            </param>
            <param index="1">
              <value>
                <![CDATA[org.testng.TestRunner@388ba540]]>
              </value>
            </param>
          </params>
          <reporter-output>
          </reporter-output>
        </test-method> <!-- TestSetup -->
        <test-method signature="Method2(java.lang.String,java.lang.String,java.lang.String)[pri:1, instance:com.qa.tests.LoginTests@55182842]" started-at="2026-03-22T15:32:47 IST" name="Method2" description="Verify that user lands on Products page provided user enters valid value and selection for all the required elements on Form page followed by click on Lets Go button" data-provider="TestData-LoginPage" finished-at="2026-03-22T15:33:33 IST" duration-ms="46444" status="PASS">
          <params>
            <param index="0">
              <value>
                <![CDATA[Vishal]]>
              </value>
            </param>
            <param index="1">
              <value>
                <![CDATA[China]]>
              </value>
            </param>
            <param index="2">
              <value>
                <![CDATA[Female]]>
              </value>
            </param>
          </params>
          <reporter-output>
          </reporter-output>
        </test-method> <!-- Method2 -->
        <test-method is-config="true" signature="TestTeardowh()[pri:0, instance:com.qa.tests.LoginTests@55182842]" started-at="2026-03-22T15:33:33 IST" name="TestTeardowh" finished-at="2026-03-22T15:33:33 IST" duration-ms="0" status="PASS">
          <reporter-output>
          </reporter-output>
        </test-method> <!-- TestTeardowh -->
        <test-method is-config="true" signature="TestSetup(java.lang.reflect.Method,org.testng.ITestContext)[pri:0, instance:com.qa.tests.LoginTests@55182842]" started-at="2026-03-22T15:33:33 IST" name="TestSetup" finished-at="2026-03-22T15:33:34 IST" duration-ms="1090" status="PASS">
          <params>
            <param index="0">
              <value>
                <![CDATA[public void com.qa.tests.LoginTests.Method3()]]>
              </value>
            </param>
            <param index="1">
              <value>
                <![CDATA[org.testng.TestRunner@388ba540]]>
              </value>
            </param>
          </params>
          <reporter-output>
          </reporter-output>
        </test-method> <!-- TestSetup -->
        <test-method signature="Method3()[pri:2, instance:com.qa.tests.LoginTests@55182842]" started-at="2026-03-22T15:33:34 IST" name="Method3" description="Verify that system generates a validation message as below when clicking on Let’s Shop button without entering value in Name textbox &#039;Please enter your name&#039;." finished-at="2026-03-22T15:33:38 IST" duration-ms="3628" status="FAIL">
          <exception class="java.lang.AssertionError">
            <message>
              <![CDATA[The following asserts failed:
expected [Please enter your name1] but found [Please enter your name]]]>
            </message>
            <full-stacktrace>
              <![CDATA[java.lang.AssertionError: The following asserts failed:
expected [Please enter your name1] but found [Please enter your name]
at org.testng.asserts.SoftAssert.assertAll(SoftAssert.java:46)
at org.testng.asserts.SoftAssert.assertAll(SoftAssert.java:30)
at com.qa.tests.LoginTests.Method3(LoginTests.java:100)
at java.base/jdk.internal.reflect.DirectMethodHandleAccessor.invoke(DirectMethodHandleAccessor.java:103)
at java.base/java.lang.reflect.Method.invoke(Method.java:580)
at org.testng.internal.invokers.MethodInvocationHelper.invokeMethod(MethodInvocationHelper.java:141)
at org.testng.internal.invokers.TestInvoker.invokeMethod(TestInvoker.java:687)
at org.testng.internal.invokers.TestInvoker.invokeTestMethod(TestInvoker.java:230)
at org.testng.internal.invokers.MethodRunner.runInSequence(MethodRunner.java:63)
at org.testng.internal.invokers.TestInvoker$MethodInvocationAgent.invoke(TestInvoker.java:995)
at org.testng.internal.invokers.TestInvoker.invokeTestMethods(TestInvoker.java:203)
at org.testng.internal.invokers.TestMethodWorker.invokeTestMethods(TestMethodWorker.java:154)
at org.testng.internal.invokers.TestMethodWorker.run(TestMethodWorker.java:134)
at java.base/java.util.ArrayList.forEach(ArrayList.java:1597)
at org.testng.TestRunner.privateRun(TestRunner.java:741)
at org.testng.TestRunner.run(TestRunner.java:616)
at org.testng.SuiteRunner.runTest(SuiteRunner.java:421)
at org.testng.SuiteRunner$SuiteWorker.run(SuiteRunner.java:463)
at org.testng.internal.thread.ThreadUtil.lambda$execute$0(ThreadUtil.java:64)
at java.base/java.util.concurrent.FutureTask.run(FutureTask.java:317)
at java.base/java.util.concurrent.ThreadPoolExecutor.runWorker(ThreadPoolExecutor.java:1144)
at java.base/java.util.concurrent.ThreadPoolExecutor$Worker.run(ThreadPoolExecutor.java:642)
at java.base/java.lang.Thread.run(Thread.java:1575)
]]>
            </full-stacktrace>
          </exception> <!-- java.lang.AssertionError -->
          <reporter-output>
          </reporter-output>
        </test-method> <!-- Method3 -->
        <test-method is-config="true" signature="TestTeardowh()[pri:0, instance:com.qa.tests.LoginTests@55182842]" started-at="2026-03-22T15:33:38 IST" name="TestTeardowh" finished-at="2026-03-22T15:33:38 IST" duration-ms="1" status="PASS">
          <reporter-output>
          </reporter-output>
        </test-method> <!-- TestTeardowh -->
        <test-method is-config="true" signature="ClassTeardown()[pri:0, instance:com.qa.tests.LoginTests@55182842]" started-at="2026-03-22T15:33:38 IST" name="ClassTeardown" finished-at="2026-03-22T15:33:53 IST" duration-ms="14734" status="PASS">
          <reporter-output>
          </reporter-output>
        </test-method> <!-- ClassTeardown -->
        <test-method is-config="true" signature="AfterSetup()[pri:0, instance:com.qa.tests.LoginTests@55182842]" started-at="2026-03-22T15:33:53 IST" name="AfterSetup" finished-at="2026-03-22T15:33:54 IST" duration-ms="1663" status="FAIL">
          <exception class="java.io.IOException">
            <message>
              <![CDATA[Failed to open file:/C:/Users/razda/eclipse-workspace/Appium_Practice_New/AppiumProject_Parallel_Maven_Grid/./Reports/22-03-2026_03.29.40.html. Error message: The system cannot find the file specified.
]]>
            </message>
            <full-stacktrace>
              <![CDATA[java.io.IOException: Failed to open file:/C:/Users/razda/eclipse-workspace/Appium_Practice_New/AppiumProject_Parallel_Maven_Grid/./Reports/22-03-2026_03.29.40.html. Error message: The system cannot find the file specified.

at java.desktop/sun.awt.windows.WDesktopPeer.ShellExecute(WDesktopPeer.java:119)
at java.desktop/sun.awt.windows.WDesktopPeer.browse(WDesktopPeer.java:103)
at java.desktop/java.awt.Desktop.browse(Desktop.java:533)
at com.qa.base.BaseTest.AfterSetup(BaseTest.java:113)
at java.base/jdk.internal.reflect.DirectMethodHandleAccessor.invoke(DirectMethodHandleAccessor.java:103)
at java.base/java.lang.reflect.Method.invoke(Method.java:580)
at org.testng.internal.invokers.MethodInvocationHelper.invokeMethod(MethodInvocationHelper.java:141)
at org.testng.internal.invokers.MethodInvocationHelper.invokeMethodConsideringTimeout(MethodInvocationHelper.java:71)
at org.testng.internal.invokers.ConfigInvoker.invokeConfigurationMethod(ConfigInvoker.java:400)
at org.testng.internal.invokers.ConfigInvoker.invokeConfigurations(ConfigInvoker.java:333)
at org.testng.SuiteRunner.privateRun(SuiteRunner.java:386)
at org.testng.SuiteRunner.run(SuiteRunner.java:312)
at org.testng.SuiteRunnerWorker.runSuite(SuiteRunnerWorker.java:52)
at org.testng.SuiteRunnerWorker.run(SuiteRunnerWorker.java:95)
at org.testng.TestNG.runSuitesSequentially(TestNG.java:1274)
at org.testng.TestNG.runSuitesLocally(TestNG.java:1208)
at org.testng.TestNG.runSuites(TestNG.java:1112)
at org.testng.TestNG.run(TestNG.java:1079)
at org.apache.maven.surefire.testng.TestNGExecutor.run(TestNGExecutor.java:283)
at org.apache.maven.surefire.testng.TestNGXmlTestSuite.execute(TestNGXmlTestSuite.java:75)
at org.apache.maven.surefire.testng.TestNGProvider.invoke(TestNGProvider.java:120)
at org.apache.maven.surefire.booter.ForkedBooter.invokeProviderInSameClassLoader(ForkedBooter.java:379)
at org.apache.maven.surefire.booter.ForkedBooter.runSuitesInProcess(ForkedBooter.java:340)
at org.apache.maven.surefire.booter.ForkedBooter.execute(ForkedBooter.java:125)
at org.apache.maven.surefire.booter.ForkedBooter.main(ForkedBooter.java:413)
]]>
            </full-stacktrace>
          </exception> <!-- java.io.IOException -->
          <reporter-output>
          </reporter-output>
        </test-method> <!-- AfterSetup -->
      </class> <!-- com.qa.tests.LoginTests -->
    </test> <!-- Device-2-Test -->
  </suite> <!-- Suite -->
</testng-results>
