<?xml version="1.0" encoding="UTF-8"?>
<!-- Generated by org.testng.reporters.JUnitReportReporter -->
<testsuite hostname="AMIT_PC" failures="1" tests="10" name="com.qa.tests.LoginTests" time="283.704" errors="2" timestamp="2026-03-22T15:33:55 IST" skipped="4">
  <testcase classname="com.qa.tests.LoginTests" name="ClassSetup" time="150.490">
    <error message="Could not start a new session. Response code 500. Message: An unknown server-side error occurred while processing the command. Original error: Cannot start the &#039;com.androidsample.generalstore&#039; application. Consider checking the driver&#039;s troubleshooting documentation. Original error: &#039;com.androidsample.generalstore.SplashActivity&#039; never started. Consider checking the driver&#039;s troubleshooting documentation. 
Host info: host: &#039;AMIT_PC&#039;, ip: &#039;192.168.1.10&#039;
Build info: version: &#039;4.41.0&#039;, revision: &#039;9fc754f&#039;
System info: os.name: &#039;Windows 11&#039;, os.arch: &#039;amd64&#039;, os.version: &#039;10.0&#039;, java.version: &#039;23.0.1&#039;
Driver info: io.appium.java_client.android.AndroidDriver
Command: [null, newSession {capabilities=[Capabilities {appium:app: C:\Users\razda\eclipse-work..., appium:automationName: UiAutomator2, appium:chromedriverExecutable: C:\Users\chromedriver.exe, appium:deviceName: Device1, appium:systemPort: 8200, appium:udid: emulator-5554, appium:uiautomator2ServerLaunchTimeout: 600000, platformName: ANDROID}]}]
Capabilities {appium:app: C:\Users\razda\eclipse-work..., appium:automationName: UiAutomator2, appium:chromedriverExecutable: C:\Users\chromedriver.exe, appium:deviceName: Device1, appium:systemPort: 8200, appium:udid: emulator-5554, appium:uiautomator2ServerLaunchTimeout: 600000, platformName: ANDROID}" type="org.openqa.selenium.SessionNotCreatedException">
      <![CDATA[org.openqa.selenium.SessionNotCreatedException: Could not start a new session. Response code 500. Message: An unknown server-side error occurred while processing the command. Original error: Cannot start the 'com.androidsample.generalstore' application. Consider checking the driver's troubleshooting documentation. Original error: 'com.androidsample.generalstore.SplashActivity' never started. Consider checking the driver's troubleshooting documentation. 
Host info: host: 'AMIT_PC', ip: '192.168.1.10'
Build info: version: '4.41.0', revision: '9fc754f'
System info: os.name: 'Windows 11', os.arch: 'amd64', os.version: '10.0', java.version: '23.0.1'
Driver info: io.appium.java_client.android.AndroidDriver
Command: [null, newSession {capabilities=[Capabilities {appium:app: C:\Users\razda\eclipse-work..., appium:automationName: UiAutomator2, appium:chromedriverExecutable: C:\Users\chromedriver.exe, appium:deviceName: Device1, appium:systemPort: 8200, appium:udid: emulator-5554, appium:uiautomator2ServerLaunchTimeout: 600000, platformName: ANDROID}]}]
Capabilities {appium:app: C:\Users\razda\eclipse-work..., appium:automationName: UiAutomator2, appium:chromedriverExecutable: C:\Users\chromedriver.exe, appium:deviceName: Device1, appium:systemPort: 8200, appium:udid: emulator-5554, appium:uiautomator2ServerLaunchTimeout: 600000, platformName: ANDROID}
at org.openqa.selenium.remote.ProtocolHandshake.createSession(ProtocolHandshake.java:114)
at org.openqa.selenium.remote.ProtocolHandshake.createSession(ProtocolHandshake.java:75)
at org.openqa.selenium.remote.ProtocolHandshake.createSession(ProtocolHandshake.java:61)
at io.appium.java_client.remote.AppiumCommandExecutor.createSession(AppiumCommandExecutor.java:178)
at io.appium.java_client.remote.AppiumCommandExecutor.execute(AppiumCommandExecutor.java:243)
at org.openqa.selenium.remote.RemoteWebDriver.execute(RemoteWebDriver.java:604)
at io.appium.java_client.AppiumDriver.startSession(AppiumDriver.java:308)
at org.openqa.selenium.remote.RemoteWebDriver.<init>(RemoteWebDriver.java:211)
at org.openqa.selenium.remote.RemoteWebDriver.<init>(RemoteWebDriver.java:197)
at io.appium.java_client.AppiumDriver.<init>(AppiumDriver.java:98)
at io.appium.java_client.AppiumDriver.<init>(AppiumDriver.java:109)
at io.appium.java_client.android.AndroidDriver.<init>(AndroidDriver.java:108)
at com.qa.base.BaseTest.ClassSetup(BaseTest.java:88)
at java.base/jdk.internal.reflect.DirectMethodHandleAccessor.invoke(DirectMethodHandleAccessor.java:103)
at java.base/java.lang.reflect.Method.invoke(Method.java:580)
at org.testng.internal.invokers.MethodInvocationHelper.invokeMethod(MethodInvocationHelper.java:141)
at org.testng.internal.invokers.MethodInvocationHelper.invokeMethodConsideringTimeout(MethodInvocationHelper.java:71)
at org.testng.internal.invokers.ConfigInvoker.invokeConfigurationMethod(ConfigInvoker.java:400)
at org.testng.internal.invokers.ConfigInvoker.invokeConfigurations(ConfigInvoker.java:333)
at org.testng.TestRunner.invokeTestConfigurations(TestRunner.java:657)
at org.testng.TestRunner.beforeRun(TestRunner.java:646)
at org.testng.TestRunner.run(TestRunner.java:612)
at org.testng.SuiteRunner.runTest(SuiteRunner.java:421)
at org.testng.SuiteRunner$SuiteWorker.run(SuiteRunner.java:463)
at org.testng.internal.thread.ThreadUtil.lambda$execute$0(ThreadUtil.java:64)
at java.base/java.util.concurrent.FutureTask.run(FutureTask.java:317)
at java.base/java.util.concurrent.ThreadPoolExecutor.runWorker(ThreadPoolExecutor.java:1144)
at java.base/java.util.concurrent.ThreadPoolExecutor$Worker.run(ThreadPoolExecutor.java:642)
at java.base/java.lang.Thread.run(Thread.java:1575)
]]>
    </error>
  </testcase> <!-- ClassSetup -->
  <testcase classname="com.qa.tests.LoginTests" name="Method1" time="54.838"/>
  <testcase classname="com.qa.tests.LoginTests" name="AfterSetup" time="2.753">
    <error message="Failed to open file:/C:/Users/razda/eclipse-workspace/Appium_Practice_New/AppiumProject_Parallel_Maven_Grid/./Reports/22-03-2026_03.29.40.html. Error message: The system cannot find the file specified.
" type="java.io.IOException">
      <![CDATA[java.io.IOException: Failed to open file:/C:/Users/razda/eclipse-workspace/Appium_Practice_New/AppiumProject_Parallel_Maven_Grid/./Reports/22-03-2026_03.29.40.html. Error message: The system cannot find the file specified.

at java.desktop/sun.awt.windows.WDesktopPeer.ShellExecute(WDesktopPeer.java:119)
at java.desktop/sun.awt.windows.WDesktopPeer.browse(WDesktopPeer.java:103)
at java.desktop/java.awt.Desktop.browse(Desktop.java:533)
at com.qa.base.BaseTest.AfterSetup(BaseTest.java:113)
at java.base/jdk.internal.reflect.DirectMethodHandleAccessor.invoke(DirectMethodHandleAccessor.java:103)
at java.base/java.lang.reflect.Method.invoke(Method.java:580)
at org.testng.internal.invokers.MethodInvocationHelper.invokeMethod(MethodInvocationHelper.java:141)
at org.testng.internal.invokers.MethodInvocationHelper.invokeMethodConsideringTimeout(MethodInvocationHelper.java:71)
at org.testng.internal.invokers.ConfigInvoker.invokeConfigurationMethod(ConfigInvoker.java:400)
at org.testng.internal.invokers.ConfigInvoker.invokeConfigurations(ConfigInvoker.java:333)
at org.testng.SuiteRunner.privateRun(SuiteRunner.java:386)
at org.testng.SuiteRunner.run(SuiteRunner.java:312)
at org.testng.SuiteRunnerWorker.runSuite(SuiteRunnerWorker.java:52)
at org.testng.SuiteRunnerWorker.run(SuiteRunnerWorker.java:95)
at org.testng.TestNG.runSuitesSequentially(TestNG.java:1274)
at org.testng.TestNG.runSuitesLocally(TestNG.java:1208)
at org.testng.TestNG.runSuites(TestNG.java:1112)
at org.testng.TestNG.run(TestNG.java:1079)
at org.apache.maven.surefire.testng.TestNGExecutor.run(TestNGExecutor.java:283)
at org.apache.maven.surefire.testng.TestNGXmlTestSuite.execute(TestNGXmlTestSuite.java:75)
at org.apache.maven.surefire.testng.TestNGProvider.invoke(TestNGProvider.java:120)
at org.apache.maven.surefire.booter.ForkedBooter.invokeProviderInSameClassLoader(ForkedBooter.java:379)
at org.apache.maven.surefire.booter.ForkedBooter.runSuitesInProcess(ForkedBooter.java:340)
at org.apache.maven.surefire.booter.ForkedBooter.execute(ForkedBooter.java:125)
at org.apache.maven.surefire.booter.ForkedBooter.main(ForkedBooter.java:413)
]]>
    </error>
  </testcase> <!-- AfterSetup -->
  <testcase classname="com.qa.tests.LoginTests" name="Method1" time="0.000">
    <skipped/>
  </testcase> <!-- Method1 -->
  <testcase classname="com.qa.tests.LoginTests" name="Method2" time="24.942"/>
  <testcase classname="com.qa.tests.LoginTests" name="Method2" time="0.000">
    <skipped/>
  </testcase> <!-- Method2 -->
  <testcase classname="com.qa.tests.LoginTests" name="Method2" time="0.000">
    <skipped/>
  </testcase> <!-- Method2 -->
  <testcase classname="com.qa.tests.LoginTests" name="Method2" time="47.053"/>
  <testcase classname="com.qa.tests.LoginTests" name="Method3" time="0.000">
    <skipped/>
  </testcase> <!-- Method3 -->
  <testcase classname="com.qa.tests.LoginTests" name="Method3" time="3.628">
    <failure message="The following asserts failed:
	expected [Please enter your name1] but found [Please enter your name]" type="java.lang.AssertionError">
      <![CDATA[java.lang.AssertionError: The following asserts failed:
expected [Please enter your name1] but found [Please enter your name]
at org.testng.asserts.SoftAssert.assertAll(SoftAssert.java:46)
at org.testng.asserts.SoftAssert.assertAll(SoftAssert.java:30)
at com.qa.tests.LoginTests.Method3(LoginTests.java:100)
at java.base/jdk.internal.reflect.DirectMethodHandleAccessor.invoke(DirectMethodHandleAccessor.java:103)
at java.base/java.lang.reflect.Method.invoke(Method.java:580)
at org.testng.internal.invokers.MethodInvocationHelper.invokeMethod(MethodInvocationHelper.java:141)
at org.testng.internal.invokers.TestInvoker.invokeMethod(TestInvoker.java:687)
at org.testng.internal.invokers.TestInvoker.invokeTestMethod(TestInvoker.java:230)
at org.testng.internal.invokers.MethodRunner.runInSequence(MethodRunner.java:63)
at org.testng.internal.invokers.TestInvoker$MethodInvocationAgent.invoke(TestInvoker.java:995)
at org.testng.internal.invokers.TestInvoker.invokeTestMethods(TestInvoker.java:203)
at org.testng.internal.invokers.TestMethodWorker.invokeTestMethods(TestMethodWorker.java:154)
at org.testng.internal.invokers.TestMethodWorker.run(TestMethodWorker.java:134)
at java.base/java.util.ArrayList.forEach(ArrayList.java:1597)
at org.testng.TestRunner.privateRun(TestRunner.java:741)
at org.testng.TestRunner.run(TestRunner.java:616)
at org.testng.SuiteRunner.runTest(SuiteRunner.java:421)
at org.testng.SuiteRunner$SuiteWorker.run(SuiteRunner.java:463)
at org.testng.internal.thread.ThreadUtil.lambda$execute$0(ThreadUtil.java:64)
at java.base/java.util.concurrent.FutureTask.run(FutureTask.java:317)
at java.base/java.util.concurrent.ThreadPoolExecutor.runWorker(ThreadPoolExecutor.java:1144)
at java.base/java.util.concurrent.ThreadPoolExecutor$Worker.run(ThreadPoolExecutor.java:642)
at java.base/java.lang.Thread.run(Thread.java:1575)
]]>
    </failure>
  </testcase> <!-- Method3 -->
</testsuite> <!-- com.qa.tests.LoginTests -->
